Analysis & Elaboration report for DUT
Fri Oct 13 17:26:32 2023
Quartus Prime Version 18.1.0 Build 625 09/12/2018 SJ Lite Edition


---------------------
; Table of Contents ;
---------------------
  1. Legal Notice
  2. Analysis & Elaboration Summary
  3. Parallel Compilation
  4. Analysis & Elaboration Settings
  5. Port Connectivity Checks: "CLOCK:clock_1"
  6. Analysis & Elaboration Messages



----------------
; Legal Notice ;
----------------
Copyright (C) 2018  Intel Corporation. All rights reserved.
Your use of Intel Corporation's design tools, logic functions 
and other software and tools, and its AMPP partner logic 
functions, and any output files from any of the foregoing 
(including device programming or simulation files), and any 
associated documentation or information are expressly subject 
to the terms and conditions of the Intel Program License 
Subscription Agreement, the Intel Quartus Prime License Agreement,
the Intel FPGA IP License Agreement, or other applicable license
agreement, including, without limitation, that your use is for
the sole purpose of programming logic devices manufactured by
Intel and sold by Intel or its authorized distributors.  Please
refer to the applicable agreement for further details.



+----------------------------------------------------------------------------------+
; Analysis & Elaboration Summary                                                   ;
+------------------------------------+---------------------------------------------+
; Analysis & Elaboration Status      ; Successful - Fri Oct 13 17:26:32 2023       ;
; Quartus Prime Version              ; 18.1.0 Build 625 09/12/2018 SJ Lite Edition ;
; Revision Name                      ; DUT                                         ;
; Top-level Entity Name              ; Led_Sw                                      ;
; Family                             ; MAX 10                                      ;
; Total logic elements               ; N/A until Partition Merge                   ;
;     Total combinational functions  ; N/A until Partition Merge                   ;
;     Dedicated logic registers      ; N/A until Partition Merge                   ;
; Total registers                    ; N/A until Partition Merge                   ;
; Total pins                         ; N/A until Partition Merge                   ;
; Total virtual pins                 ; N/A until Partition Merge                   ;
; Total memory bits                  ; N/A until Partition Merge                   ;
; Embedded Multiplier 9-bit elements ; N/A until Partition Merge                   ;
; Total PLLs                         ; N/A until Partition Merge                   ;
; UFM blocks                         ; N/A until Partition Merge                   ;
; ADC blocks                         ; N/A until Partition Merge                   ;
+------------------------------------+---------------------------------------------+


+------------------------------------------+
; Parallel Compilation                     ;
+----------------------------+-------------+
; Processors                 ; Number      ;
+----------------------------+-------------+
; Number detected on machine ; 20          ;
; Maximum allowed            ; 14          ;
;                            ;             ;
; Average used               ; 1.00        ;
; Maximum used               ; 1           ;
;                            ;             ;
; Usage by Processor         ; % Time Used ;
;     Processor 1            ; 100.0%      ;
+----------------------------+-------------+


+------------------------------------------------------------------------------------------------------------+
; Analysis & Elaboration Settings                                                                            ;
+------------------------------------------------------------------+--------------------+--------------------+
; Option                                                           ; Setting            ; Default Value      ;
+------------------------------------------------------------------+--------------------+--------------------+
; Device                                                           ; 10M25SAE144C8G     ;                    ;
; Top-level entity name                                            ; Led_Sw             ; DUT                ;
; Family name                                                      ; MAX 10             ; Cyclone V          ;
; Use smart compilation                                            ; Off                ; Off                ;
; Enable parallel Assembler and Timing Analyzer during compilation ; On                 ; On                 ;
; Enable compact report table                                      ; Off                ; Off                ;
; Restructure Multiplexers                                         ; Auto               ; Auto               ;
; Create Debugging Nodes for IP Cores                              ; Off                ; Off                ;
; Preserve fewer node names                                        ; On                 ; On                 ;
; Intel FPGA IP Evaluation Mode                                    ; Enable             ; Enable             ;
; Verilog Version                                                  ; Verilog_2001       ; Verilog_2001       ;
; VHDL Version                                                     ; VHDL_1993          ; VHDL_1993          ;
; State Machine Processing                                         ; Auto               ; Auto               ;
; Safe State Machine                                               ; Off                ; Off                ;
; Extract Verilog State Machines                                   ; On                 ; On                 ;
; Extract VHDL State Machines                                      ; On                 ; On                 ;
; Ignore Verilog initial constructs                                ; Off                ; Off                ;
; Iteration limit for constant Verilog loops                       ; 5000               ; 5000               ;
; Iteration limit for non-constant Verilog loops                   ; 250                ; 250                ;
; Add Pass-Through Logic to Inferred RAMs                          ; On                 ; On                 ;
; Infer RAMs from Raw Logic                                        ; On                 ; On                 ;
; Parallel Synthesis                                               ; On                 ; On                 ;
; DSP Block Balancing                                              ; Auto               ; Auto               ;
; NOT Gate Push-Back                                               ; On                 ; On                 ;
; Power-Up Don't Care                                              ; On                 ; On                 ;
; Remove Redundant Logic Cells                                     ; Off                ; Off                ;
; Remove Duplicate Registers                                       ; On                 ; On                 ;
; Ignore CARRY Buffers                                             ; Off                ; Off                ;
; Ignore CASCADE Buffers                                           ; Off                ; Off                ;
; Ignore GLOBAL Buffers                                            ; Off                ; Off                ;
; Ignore ROW GLOBAL Buffers                                        ; Off                ; Off                ;
; Ignore LCELL Buffers                                             ; Off                ; Off                ;
; Ignore SOFT Buffers                                              ; On                 ; On                 ;
; Limit AHDL Integers to 32 Bits                                   ; Off                ; Off                ;
; Optimization Technique                                           ; Balanced           ; Balanced           ;
; Carry Chain Length                                               ; 70                 ; 70                 ;
; Auto Carry Chains                                                ; On                 ; On                 ;
; Auto Open-Drain Pins                                             ; On                 ; On                 ;
; Perform WYSIWYG Primitive Resynthesis                            ; Off                ; Off                ;
; Auto ROM Replacement                                             ; On                 ; On                 ;
; Auto RAM Replacement                                             ; On                 ; On                 ;
; Auto DSP Block Replacement                                       ; On                 ; On                 ;
; Auto Shift Register Replacement                                  ; Auto               ; Auto               ;
; Allow Shift Register Merging across Hierarchies                  ; Auto               ; Auto               ;
; Auto Clock Enable Replacement                                    ; On                 ; On                 ;
; Strict RAM Replacement                                           ; Off                ; Off                ;
; Allow Synchronous Control Signals                                ; On                 ; On                 ;
; Force Use of Synchronous Clear Signals                           ; Off                ; Off                ;
; Auto RAM Block Balancing                                         ; On                 ; On                 ;
; Auto RAM to Logic Cell Conversion                                ; Off                ; Off                ;
; Auto Resource Sharing                                            ; Off                ; Off                ;
; Allow Any RAM Size For Recognition                               ; Off                ; Off                ;
; Allow Any ROM Size For Recognition                               ; Off                ; Off                ;
; Allow Any Shift Register Size For Recognition                    ; Off                ; Off                ;
; Use LogicLock Constraints during Resource Balancing              ; On                 ; On                 ;
; Ignore translate_off and synthesis_off directives                ; Off                ; Off                ;
; Timing-Driven Synthesis                                          ; On                 ; On                 ;
; Report Parameter Settings                                        ; On                 ; On                 ;
; Report Source Assignments                                        ; On                 ; On                 ;
; Report Connectivity Checks                                       ; On                 ; On                 ;
; Ignore Maximum Fan-Out Assignments                               ; Off                ; Off                ;
; Synchronization Register Chain Length                            ; 2                  ; 2                  ;
; Power Optimization During Synthesis                              ; Normal compilation ; Normal compilation ;
; HDL message level                                                ; Level2             ; Level2             ;
; Suppress Register Optimization Related Messages                  ; Off                ; Off                ;
; Number of Removed Registers Reported in Synthesis Report         ; 5000               ; 5000               ;
; Number of Swept Nodes Reported in Synthesis Report               ; 5000               ; 5000               ;
; Number of Inverted Registers Reported in Synthesis Report        ; 100                ; 100                ;
; Clock MUX Protection                                             ; On                 ; On                 ;
; Auto Gated Clock Conversion                                      ; Off                ; Off                ;
; Block Design Naming                                              ; Auto               ; Auto               ;
; SDC constraint protection                                        ; Off                ; Off                ;
; Synthesis Effort                                                 ; Auto               ; Auto               ;
; Shift Register Replacement - Allow Asynchronous Clear Signal     ; On                 ; On                 ;
; Pre-Mapping Resynthesis Optimization                             ; Off                ; Off                ;
; Analysis & Synthesis Message Level                               ; Medium             ; Medium             ;
; Disable Register Merging Across Hierarchies                      ; Auto               ; Auto               ;
; Resource Aware Inference For Block RAM                           ; On                 ; On                 ;
+------------------------------------------------------------------+--------------------+--------------------+


+---------------------------------------------+
; Port Connectivity Checks: "CLOCK:clock_1"   ;
+-----------+-------+----------+--------------+
; Port      ; Type  ; Severity ; Details      ;
+-----------+-------+----------+--------------+
; reset     ; Input ; Info     ; Stuck at GND ;
; n[23..19] ; Input ; Info     ; Stuck at VCC ;
; n[15..12] ; Input ; Info     ; Stuck at VCC ;
; n[31..26] ; Input ; Info     ; Stuck at GND ;
; n[11..8]  ; Input ; Info     ; Stuck at GND ;
; n[6..0]   ; Input ; Info     ; Stuck at GND ;
; n[25]     ; Input ; Info     ; Stuck at VCC ;
; n[24]     ; Input ; Info     ; Stuck at GND ;
; n[18]     ; Input ; Info     ; Stuck at GND ;
; n[17]     ; Input ; Info     ; Stuck at VCC ;
; n[16]     ; Input ; Info     ; Stuck at GND ;
; n[7]      ; Input ; Info     ; Stuck at VCC ;
+-----------+-------+----------+--------------+


+---------------------------------+
; Analysis & Elaboration Messages ;
+---------------------------------+
Info: *******************************************************************
Info: Running Quartus Prime Analysis & Elaboration
    Info: Version 18.1.0 Build 625 09/12/2018 SJ Lite Edition
    Info: Processing started: Fri Oct 13 17:26:26 2023
Info: Command: quartus_map --read_settings_files=on --write_settings_files=off Clock_Divider -c DUT --analysis_and_elaboration
Warning (18236): Number of processors has not been specified which may cause overloading on shared machines.  Set the global assignment NUM_PARALLEL_PROCESSORS in your QSF to an appropriate value for best performance.
Info (20030): Parallel compilation is enabled and will use 14 of the 14 processors detected
Info (12021): Found 2 design units, including 1 entities, in source file testbench.vhd
    Info (12022): Found design unit 1: Testbench-Struct File: C:/Users/anupa/OneDrive - Indian Institute of Technology Bombay/Desktop/IIT LECTURES/Year 2/EE 214/Week_8_Friday/Lab Codes/Testbench.vhd Line: 10
    Info (12023): Found entity 1: Testbench File: C:/Users/anupa/OneDrive - Indian Institute of Technology Bombay/Desktop/IIT LECTURES/Year 2/EE 214/Week_8_Friday/Lab Codes/Testbench.vhd Line: 7
Info (12021): Found 2 design units, including 1 entities, in source file clock_divider.vhd
    Info (12022): Found design unit 1: clock_divider-bhv File: C:/Users/anupa/OneDrive - Indian Institute of Technology Bombay/Desktop/IIT LECTURES/Year 2/EE 214/Week_8_Friday/Lab Codes/Clock_Divider.vhd Line: 10
    Info (12023): Found entity 1: clock_divider File: C:/Users/anupa/OneDrive - Indian Institute of Technology Bombay/Desktop/IIT LECTURES/Year 2/EE 214/Week_8_Friday/Lab Codes/Clock_Divider.vhd Line: 5
Info (12021): Found 2 design units, including 1 entities, in source file led_sw.vhd
    Info (12022): Found design unit 1: Led_Sw-str File: C:/Users/anupa/OneDrive - Indian Institute of Technology Bombay/Desktop/IIT LECTURES/Year 2/EE 214/Week_8_Friday/Lab Codes/Led_Sw.vhd Line: 10
    Info (12023): Found entity 1: Led_Sw File: C:/Users/anupa/OneDrive - Indian Institute of Technology Bombay/Desktop/IIT LECTURES/Year 2/EE 214/Week_8_Friday/Lab Codes/Led_Sw.vhd Line: 5
Info (12021): Found 2 design units, including 1 entities, in source file clock.vhd
    Info (12022): Found design unit 1: CLOCK-Struct File: C:/Users/anupa/OneDrive - Indian Institute of Technology Bombay/Desktop/IIT LECTURES/Year 2/EE 214/Week_8_Friday/Lab Codes/CLOCK.vhd Line: 10
    Info (12023): Found entity 1: CLOCK File: C:/Users/anupa/OneDrive - Indian Institute of Technology Bombay/Desktop/IIT LECTURES/Year 2/EE 214/Week_8_Friday/Lab Codes/CLOCK.vhd Line: 5
Info (12021): Found 2 design units, including 1 entities, in source file testbench_led.vhd
    Info (12022): Found design unit 1: Testbench_Led-Struct File: C:/Users/anupa/OneDrive - Indian Institute of Technology Bombay/Desktop/IIT LECTURES/Year 2/EE 214/Week_8_Friday/Lab Codes/Testbench_Led.vhd Line: 10
    Info (12023): Found entity 1: Testbench_Led File: C:/Users/anupa/OneDrive - Indian Institute of Technology Bombay/Desktop/IIT LECTURES/Year 2/EE 214/Week_8_Friday/Lab Codes/Testbench_Led.vhd Line: 7
Info (12127): Elaborating entity "Led_Sw" for the top level hierarchy
Warning (10541): VHDL Signal Declaration warning at Led_Sw.vhd(24): used implicit default value for signal "led" because signal was never assigned a value or an explicit default value. Use of implicit default value may introduce unintended design optimizations. File: C:/Users/anupa/OneDrive - Indian Institute of Technology Bombay/Desktop/IIT LECTURES/Year 2/EE 214/Week_8_Friday/Lab Codes/Led_Sw.vhd Line: 24
Warning (10492): VHDL Process Statement warning at Led_Sw.vhd(90): signal "led" is read inside the Process Statement but isn't in the Process Statement's sensitivity list File: C:/Users/anupa/OneDrive - Indian Institute of Technology Bombay/Desktop/IIT LECTURES/Year 2/EE 214/Week_8_Friday/Lab Codes/Led_Sw.vhd Line: 90
Warning (10492): VHDL Process Statement warning at Led_Sw.vhd(95): signal "led" is read inside the Process Statement but isn't in the Process Statement's sensitivity list File: C:/Users/anupa/OneDrive - Indian Institute of Technology Bombay/Desktop/IIT LECTURES/Year 2/EE 214/Week_8_Friday/Lab Codes/Led_Sw.vhd Line: 95
Warning (10492): VHDL Process Statement warning at Led_Sw.vhd(96): signal "counter" is read inside the Process Statement but isn't in the Process Statement's sensitivity list File: C:/Users/anupa/OneDrive - Indian Institute of Technology Bombay/Desktop/IIT LECTURES/Year 2/EE 214/Week_8_Friday/Lab Codes/Led_Sw.vhd Line: 96
Warning (10492): VHDL Process Statement warning at Led_Sw.vhd(97): signal "reverse_counter" is read inside the Process Statement but isn't in the Process Statement's sensitivity list File: C:/Users/anupa/OneDrive - Indian Institute of Technology Bombay/Desktop/IIT LECTURES/Year 2/EE 214/Week_8_Friday/Lab Codes/Led_Sw.vhd Line: 97
Warning (10631): VHDL Process Statement warning at Led_Sw.vhd(38): inferring latch(es) for signal or variable "leds", which holds its previous value in one or more paths through the process File: C:/Users/anupa/OneDrive - Indian Institute of Technology Bombay/Desktop/IIT LECTURES/Year 2/EE 214/Week_8_Friday/Lab Codes/Led_Sw.vhd Line: 38
Warning (10631): VHDL Process Statement warning at Led_Sw.vhd(38): inferring latch(es) for signal or variable "counter", which holds its previous value in one or more paths through the process File: C:/Users/anupa/OneDrive - Indian Institute of Technology Bombay/Desktop/IIT LECTURES/Year 2/EE 214/Week_8_Friday/Lab Codes/Led_Sw.vhd Line: 38
Warning (10631): VHDL Process Statement warning at Led_Sw.vhd(38): inferring latch(es) for signal or variable "reverse_counter", which holds its previous value in one or more paths through the process File: C:/Users/anupa/OneDrive - Indian Institute of Technology Bombay/Desktop/IIT LECTURES/Year 2/EE 214/Week_8_Friday/Lab Codes/Led_Sw.vhd Line: 38
Info (10041): Inferred latch for "reverse_counter[0]" at Led_Sw.vhd(38) File: C:/Users/anupa/OneDrive - Indian Institute of Technology Bombay/Desktop/IIT LECTURES/Year 2/EE 214/Week_8_Friday/Lab Codes/Led_Sw.vhd Line: 38
Info (10041): Inferred latch for "reverse_counter[1]" at Led_Sw.vhd(38) File: C:/Users/anupa/OneDrive - Indian Institute of Technology Bombay/Desktop/IIT LECTURES/Year 2/EE 214/Week_8_Friday/Lab Codes/Led_Sw.vhd Line: 38
Info (10041): Inferred latch for "reverse_counter[2]" at Led_Sw.vhd(38) File: C:/Users/anupa/OneDrive - Indian Institute of Technology Bombay/Desktop/IIT LECTURES/Year 2/EE 214/Week_8_Friday/Lab Codes/Led_Sw.vhd Line: 38
Info (10041): Inferred latch for "reverse_counter[3]" at Led_Sw.vhd(38) File: C:/Users/anupa/OneDrive - Indian Institute of Technology Bombay/Desktop/IIT LECTURES/Year 2/EE 214/Week_8_Friday/Lab Codes/Led_Sw.vhd Line: 38
Info (10041): Inferred latch for "reverse_counter[4]" at Led_Sw.vhd(38) File: C:/Users/anupa/OneDrive - Indian Institute of Technology Bombay/Desktop/IIT LECTURES/Year 2/EE 214/Week_8_Friday/Lab Codes/Led_Sw.vhd Line: 38
Info (10041): Inferred latch for "reverse_counter[5]" at Led_Sw.vhd(38) File: C:/Users/anupa/OneDrive - Indian Institute of Technology Bombay/Desktop/IIT LECTURES/Year 2/EE 214/Week_8_Friday/Lab Codes/Led_Sw.vhd Line: 38
Info (10041): Inferred latch for "reverse_counter[6]" at Led_Sw.vhd(38) File: C:/Users/anupa/OneDrive - Indian Institute of Technology Bombay/Desktop/IIT LECTURES/Year 2/EE 214/Week_8_Friday/Lab Codes/Led_Sw.vhd Line: 38
Info (10041): Inferred latch for "reverse_counter[7]" at Led_Sw.vhd(38) File: C:/Users/anupa/OneDrive - Indian Institute of Technology Bombay/Desktop/IIT LECTURES/Year 2/EE 214/Week_8_Friday/Lab Codes/Led_Sw.vhd Line: 38
Info (10041): Inferred latch for "counter[8]" at Led_Sw.vhd(38) File: C:/Users/anupa/OneDrive - Indian Institute of Technology Bombay/Desktop/IIT LECTURES/Year 2/EE 214/Week_8_Friday/Lab Codes/Led_Sw.vhd Line: 38
Info (10041): Inferred latch for "counter[9]" at Led_Sw.vhd(38) File: C:/Users/anupa/OneDrive - Indian Institute of Technology Bombay/Desktop/IIT LECTURES/Year 2/EE 214/Week_8_Friday/Lab Codes/Led_Sw.vhd Line: 38
Info (10041): Inferred latch for "counter[10]" at Led_Sw.vhd(38) File: C:/Users/anupa/OneDrive - Indian Institute of Technology Bombay/Desktop/IIT LECTURES/Year 2/EE 214/Week_8_Friday/Lab Codes/Led_Sw.vhd Line: 38
Info (10041): Inferred latch for "counter[11]" at Led_Sw.vhd(38) File: C:/Users/anupa/OneDrive - Indian Institute of Technology Bombay/Desktop/IIT LECTURES/Year 2/EE 214/Week_8_Friday/Lab Codes/Led_Sw.vhd Line: 38
Info (10041): Inferred latch for "counter[12]" at Led_Sw.vhd(38) File: C:/Users/anupa/OneDrive - Indian Institute of Technology Bombay/Desktop/IIT LECTURES/Year 2/EE 214/Week_8_Friday/Lab Codes/Led_Sw.vhd Line: 38
Info (10041): Inferred latch for "counter[13]" at Led_Sw.vhd(38) File: C:/Users/anupa/OneDrive - Indian Institute of Technology Bombay/Desktop/IIT LECTURES/Year 2/EE 214/Week_8_Friday/Lab Codes/Led_Sw.vhd Line: 38
Info (10041): Inferred latch for "counter[14]" at Led_Sw.vhd(38) File: C:/Users/anupa/OneDrive - Indian Institute of Technology Bombay/Desktop/IIT LECTURES/Year 2/EE 214/Week_8_Friday/Lab Codes/Led_Sw.vhd Line: 38
Info (10041): Inferred latch for "counter[15]" at Led_Sw.vhd(38) File: C:/Users/anupa/OneDrive - Indian Institute of Technology Bombay/Desktop/IIT LECTURES/Year 2/EE 214/Week_8_Friday/Lab Codes/Led_Sw.vhd Line: 38
Info (10041): Inferred latch for "counter[16]" at Led_Sw.vhd(38) File: C:/Users/anupa/OneDrive - Indian Institute of Technology Bombay/Desktop/IIT LECTURES/Year 2/EE 214/Week_8_Friday/Lab Codes/Led_Sw.vhd Line: 38
Info (10041): Inferred latch for "counter[17]" at Led_Sw.vhd(38) File: C:/Users/anupa/OneDrive - Indian Institute of Technology Bombay/Desktop/IIT LECTURES/Year 2/EE 214/Week_8_Friday/Lab Codes/Led_Sw.vhd Line: 38
Info (10041): Inferred latch for "counter[18]" at Led_Sw.vhd(38) File: C:/Users/anupa/OneDrive - Indian Institute of Technology Bombay/Desktop/IIT LECTURES/Year 2/EE 214/Week_8_Friday/Lab Codes/Led_Sw.vhd Line: 38
Info (10041): Inferred latch for "counter[19]" at Led_Sw.vhd(38) File: C:/Users/anupa/OneDrive - Indian Institute of Technology Bombay/Desktop/IIT LECTURES/Year 2/EE 214/Week_8_Friday/Lab Codes/Led_Sw.vhd Line: 38
Info (10041): Inferred latch for "counter[20]" at Led_Sw.vhd(38) File: C:/Users/anupa/OneDrive - Indian Institute of Technology Bombay/Desktop/IIT LECTURES/Year 2/EE 214/Week_8_Friday/Lab Codes/Led_Sw.vhd Line: 38
Info (10041): Inferred latch for "counter[21]" at Led_Sw.vhd(38) File: C:/Users/anupa/OneDrive - Indian Institute of Technology Bombay/Desktop/IIT LECTURES/Year 2/EE 214/Week_8_Friday/Lab Codes/Led_Sw.vhd Line: 38
Info (10041): Inferred latch for "counter[22]" at Led_Sw.vhd(38) File: C:/Users/anupa/OneDrive - Indian Institute of Technology Bombay/Desktop/IIT LECTURES/Year 2/EE 214/Week_8_Friday/Lab Codes/Led_Sw.vhd Line: 38
Info (10041): Inferred latch for "counter[23]" at Led_Sw.vhd(38) File: C:/Users/anupa/OneDrive - Indian Institute of Technology Bombay/Desktop/IIT LECTURES/Year 2/EE 214/Week_8_Friday/Lab Codes/Led_Sw.vhd Line: 38
Info (10041): Inferred latch for "counter[24]" at Led_Sw.vhd(38) File: C:/Users/anupa/OneDrive - Indian Institute of Technology Bombay/Desktop/IIT LECTURES/Year 2/EE 214/Week_8_Friday/Lab Codes/Led_Sw.vhd Line: 38
Info (10041): Inferred latch for "counter[25]" at Led_Sw.vhd(38) File: C:/Users/anupa/OneDrive - Indian Institute of Technology Bombay/Desktop/IIT LECTURES/Year 2/EE 214/Week_8_Friday/Lab Codes/Led_Sw.vhd Line: 38
Info (10041): Inferred latch for "counter[26]" at Led_Sw.vhd(38) File: C:/Users/anupa/OneDrive - Indian Institute of Technology Bombay/Desktop/IIT LECTURES/Year 2/EE 214/Week_8_Friday/Lab Codes/Led_Sw.vhd Line: 38
Info (10041): Inferred latch for "counter[27]" at Led_Sw.vhd(38) File: C:/Users/anupa/OneDrive - Indian Institute of Technology Bombay/Desktop/IIT LECTURES/Year 2/EE 214/Week_8_Friday/Lab Codes/Led_Sw.vhd Line: 38
Info (10041): Inferred latch for "counter[28]" at Led_Sw.vhd(38) File: C:/Users/anupa/OneDrive - Indian Institute of Technology Bombay/Desktop/IIT LECTURES/Year 2/EE 214/Week_8_Friday/Lab Codes/Led_Sw.vhd Line: 38
Info (10041): Inferred latch for "counter[29]" at Led_Sw.vhd(38) File: C:/Users/anupa/OneDrive - Indian Institute of Technology Bombay/Desktop/IIT LECTURES/Year 2/EE 214/Week_8_Friday/Lab Codes/Led_Sw.vhd Line: 38
Info (10041): Inferred latch for "counter[30]" at Led_Sw.vhd(38) File: C:/Users/anupa/OneDrive - Indian Institute of Technology Bombay/Desktop/IIT LECTURES/Year 2/EE 214/Week_8_Friday/Lab Codes/Led_Sw.vhd Line: 38
Info (10041): Inferred latch for "counter[31]" at Led_Sw.vhd(38) File: C:/Users/anupa/OneDrive - Indian Institute of Technology Bombay/Desktop/IIT LECTURES/Year 2/EE 214/Week_8_Friday/Lab Codes/Led_Sw.vhd Line: 38
Info (12128): Elaborating entity "CLOCK" for hierarchy "CLOCK:clock_1" File: C:/Users/anupa/OneDrive - Indian Institute of Technology Bombay/Desktop/IIT LECTURES/Year 2/EE 214/Week_8_Friday/Lab Codes/Led_Sw.vhd Line: 28
Warning (10492): VHDL Process Statement warning at CLOCK.vhd(21): signal "reset" is read inside the Process Statement but isn't in the Process Statement's sensitivity list File: C:/Users/anupa/OneDrive - Indian Institute of Technology Bombay/Desktop/IIT LECTURES/Year 2/EE 214/Week_8_Friday/Lab Codes/CLOCK.vhd Line: 21
Warning (10492): VHDL Process Statement warning at CLOCK.vhd(26): signal "count" is read inside the Process Statement but isn't in the Process Statement's sensitivity list File: C:/Users/anupa/OneDrive - Indian Institute of Technology Bombay/Desktop/IIT LECTURES/Year 2/EE 214/Week_8_Friday/Lab Codes/CLOCK.vhd Line: 26
Warning (10492): VHDL Process Statement warning at CLOCK.vhd(26): signal "n" is read inside the Process Statement but isn't in the Process Statement's sensitivity list File: C:/Users/anupa/OneDrive - Indian Institute of Technology Bombay/Desktop/IIT LECTURES/Year 2/EE 214/Week_8_Friday/Lab Codes/CLOCK.vhd Line: 26
Warning (10492): VHDL Process Statement warning at CLOCK.vhd(30): signal "count" is read inside the Process Statement but isn't in the Process Statement's sensitivity list File: C:/Users/anupa/OneDrive - Indian Institute of Technology Bombay/Desktop/IIT LECTURES/Year 2/EE 214/Week_8_Friday/Lab Codes/CLOCK.vhd Line: 30
Warning (10492): VHDL Process Statement warning at CLOCK.vhd(30): signal "n" is read inside the Process Statement but isn't in the Process Statement's sensitivity list File: C:/Users/anupa/OneDrive - Indian Institute of Technology Bombay/Desktop/IIT LECTURES/Year 2/EE 214/Week_8_Friday/Lab Codes/CLOCK.vhd Line: 30
Warning (10492): VHDL Process Statement warning at CLOCK.vhd(34): signal "count" is read inside the Process Statement but isn't in the Process Statement's sensitivity list File: C:/Users/anupa/OneDrive - Indian Institute of Technology Bombay/Desktop/IIT LECTURES/Year 2/EE 214/Week_8_Friday/Lab Codes/CLOCK.vhd Line: 34
Warning (10492): VHDL Process Statement warning at CLOCK.vhd(34): signal "n" is read inside the Process Statement but isn't in the Process Statement's sensitivity list File: C:/Users/anupa/OneDrive - Indian Institute of Technology Bombay/Desktop/IIT LECTURES/Year 2/EE 214/Week_8_Friday/Lab Codes/CLOCK.vhd Line: 34
Warning (10492): VHDL Process Statement warning at CLOCK.vhd(38): signal "count" is read inside the Process Statement but isn't in the Process Statement's sensitivity list File: C:/Users/anupa/OneDrive - Indian Institute of Technology Bombay/Desktop/IIT LECTURES/Year 2/EE 214/Week_8_Friday/Lab Codes/CLOCK.vhd Line: 38
Warning (10492): VHDL Process Statement warning at CLOCK.vhd(38): signal "n" is read inside the Process Statement but isn't in the Process Statement's sensitivity list File: C:/Users/anupa/OneDrive - Indian Institute of Technology Bombay/Desktop/IIT LECTURES/Year 2/EE 214/Week_8_Friday/Lab Codes/CLOCK.vhd Line: 38
Warning (10492): VHDL Process Statement warning at CLOCK.vhd(43): signal "mode" is read inside the Process Statement but isn't in the Process Statement's sensitivity list File: C:/Users/anupa/OneDrive - Indian Institute of Technology Bombay/Desktop/IIT LECTURES/Year 2/EE 214/Week_8_Friday/Lab Codes/CLOCK.vhd Line: 43
Warning (10631): VHDL Process Statement warning at CLOCK.vhd(15): inferring latch(es) for signal or variable "mode", which holds its previous value in one or more paths through the process File: C:/Users/anupa/OneDrive - Indian Institute of Technology Bombay/Desktop/IIT LECTURES/Year 2/EE 214/Week_8_Friday/Lab Codes/CLOCK.vhd Line: 15
Info (10041): Inferred latch for "mode[0]" at CLOCK.vhd(15) File: C:/Users/anupa/OneDrive - Indian Institute of Technology Bombay/Desktop/IIT LECTURES/Year 2/EE 214/Week_8_Friday/Lab Codes/CLOCK.vhd Line: 15
Info (10041): Inferred latch for "mode[1]" at CLOCK.vhd(15) File: C:/Users/anupa/OneDrive - Indian Institute of Technology Bombay/Desktop/IIT LECTURES/Year 2/EE 214/Week_8_Friday/Lab Codes/CLOCK.vhd Line: 15
Info (10041): Inferred latch for "mode[2]" at CLOCK.vhd(15) File: C:/Users/anupa/OneDrive - Indian Institute of Technology Bombay/Desktop/IIT LECTURES/Year 2/EE 214/Week_8_Friday/Lab Codes/CLOCK.vhd Line: 15
Info (10041): Inferred latch for "mode[3]" at CLOCK.vhd(15) File: C:/Users/anupa/OneDrive - Indian Institute of Technology Bombay/Desktop/IIT LECTURES/Year 2/EE 214/Week_8_Friday/Lab Codes/CLOCK.vhd Line: 15
Info (10041): Inferred latch for "mode[4]" at CLOCK.vhd(15) File: C:/Users/anupa/OneDrive - Indian Institute of Technology Bombay/Desktop/IIT LECTURES/Year 2/EE 214/Week_8_Friday/Lab Codes/CLOCK.vhd Line: 15
Info (10041): Inferred latch for "mode[5]" at CLOCK.vhd(15) File: C:/Users/anupa/OneDrive - Indian Institute of Technology Bombay/Desktop/IIT LECTURES/Year 2/EE 214/Week_8_Friday/Lab Codes/CLOCK.vhd Line: 15
Info (10041): Inferred latch for "mode[6]" at CLOCK.vhd(15) File: C:/Users/anupa/OneDrive - Indian Institute of Technology Bombay/Desktop/IIT LECTURES/Year 2/EE 214/Week_8_Friday/Lab Codes/CLOCK.vhd Line: 15
Info (10041): Inferred latch for "mode[7]" at CLOCK.vhd(15) File: C:/Users/anupa/OneDrive - Indian Institute of Technology Bombay/Desktop/IIT LECTURES/Year 2/EE 214/Week_8_Friday/Lab Codes/CLOCK.vhd Line: 15
Info (10041): Inferred latch for "mode[8]" at CLOCK.vhd(15) File: C:/Users/anupa/OneDrive - Indian Institute of Technology Bombay/Desktop/IIT LECTURES/Year 2/EE 214/Week_8_Friday/Lab Codes/CLOCK.vhd Line: 15
Info (10041): Inferred latch for "mode[9]" at CLOCK.vhd(15) File: C:/Users/anupa/OneDrive - Indian Institute of Technology Bombay/Desktop/IIT LECTURES/Year 2/EE 214/Week_8_Friday/Lab Codes/CLOCK.vhd Line: 15
Info (10041): Inferred latch for "mode[10]" at CLOCK.vhd(15) File: C:/Users/anupa/OneDrive - Indian Institute of Technology Bombay/Desktop/IIT LECTURES/Year 2/EE 214/Week_8_Friday/Lab Codes/CLOCK.vhd Line: 15
Info (10041): Inferred latch for "mode[11]" at CLOCK.vhd(15) File: C:/Users/anupa/OneDrive - Indian Institute of Technology Bombay/Desktop/IIT LECTURES/Year 2/EE 214/Week_8_Friday/Lab Codes/CLOCK.vhd Line: 15
Info (10041): Inferred latch for "mode[12]" at CLOCK.vhd(15) File: C:/Users/anupa/OneDrive - Indian Institute of Technology Bombay/Desktop/IIT LECTURES/Year 2/EE 214/Week_8_Friday/Lab Codes/CLOCK.vhd Line: 15
Info (10041): Inferred latch for "mode[13]" at CLOCK.vhd(15) File: C:/Users/anupa/OneDrive - Indian Institute of Technology Bombay/Desktop/IIT LECTURES/Year 2/EE 214/Week_8_Friday/Lab Codes/CLOCK.vhd Line: 15
Info (10041): Inferred latch for "mode[14]" at CLOCK.vhd(15) File: C:/Users/anupa/OneDrive - Indian Institute of Technology Bombay/Desktop/IIT LECTURES/Year 2/EE 214/Week_8_Friday/Lab Codes/CLOCK.vhd Line: 15
Info (10041): Inferred latch for "mode[15]" at CLOCK.vhd(15) File: C:/Users/anupa/OneDrive - Indian Institute of Technology Bombay/Desktop/IIT LECTURES/Year 2/EE 214/Week_8_Friday/Lab Codes/CLOCK.vhd Line: 15
Info (10041): Inferred latch for "mode[16]" at CLOCK.vhd(15) File: C:/Users/anupa/OneDrive - Indian Institute of Technology Bombay/Desktop/IIT LECTURES/Year 2/EE 214/Week_8_Friday/Lab Codes/CLOCK.vhd Line: 15
Info (10041): Inferred latch for "mode[17]" at CLOCK.vhd(15) File: C:/Users/anupa/OneDrive - Indian Institute of Technology Bombay/Desktop/IIT LECTURES/Year 2/EE 214/Week_8_Friday/Lab Codes/CLOCK.vhd Line: 15
Info (10041): Inferred latch for "mode[18]" at CLOCK.vhd(15) File: C:/Users/anupa/OneDrive - Indian Institute of Technology Bombay/Desktop/IIT LECTURES/Year 2/EE 214/Week_8_Friday/Lab Codes/CLOCK.vhd Line: 15
Info (10041): Inferred latch for "mode[19]" at CLOCK.vhd(15) File: C:/Users/anupa/OneDrive - Indian Institute of Technology Bombay/Desktop/IIT LECTURES/Year 2/EE 214/Week_8_Friday/Lab Codes/CLOCK.vhd Line: 15
Info (10041): Inferred latch for "mode[20]" at CLOCK.vhd(15) File: C:/Users/anupa/OneDrive - Indian Institute of Technology Bombay/Desktop/IIT LECTURES/Year 2/EE 214/Week_8_Friday/Lab Codes/CLOCK.vhd Line: 15
Info (10041): Inferred latch for "mode[21]" at CLOCK.vhd(15) File: C:/Users/anupa/OneDrive - Indian Institute of Technology Bombay/Desktop/IIT LECTURES/Year 2/EE 214/Week_8_Friday/Lab Codes/CLOCK.vhd Line: 15
Info (10041): Inferred latch for "mode[22]" at CLOCK.vhd(15) File: C:/Users/anupa/OneDrive - Indian Institute of Technology Bombay/Desktop/IIT LECTURES/Year 2/EE 214/Week_8_Friday/Lab Codes/CLOCK.vhd Line: 15
Info (10041): Inferred latch for "mode[23]" at CLOCK.vhd(15) File: C:/Users/anupa/OneDrive - Indian Institute of Technology Bombay/Desktop/IIT LECTURES/Year 2/EE 214/Week_8_Friday/Lab Codes/CLOCK.vhd Line: 15
Info (10041): Inferred latch for "mode[24]" at CLOCK.vhd(15) File: C:/Users/anupa/OneDrive - Indian Institute of Technology Bombay/Desktop/IIT LECTURES/Year 2/EE 214/Week_8_Friday/Lab Codes/CLOCK.vhd Line: 15
Info (10041): Inferred latch for "mode[25]" at CLOCK.vhd(15) File: C:/Users/anupa/OneDrive - Indian Institute of Technology Bombay/Desktop/IIT LECTURES/Year 2/EE 214/Week_8_Friday/Lab Codes/CLOCK.vhd Line: 15
Info (10041): Inferred latch for "mode[26]" at CLOCK.vhd(15) File: C:/Users/anupa/OneDrive - Indian Institute of Technology Bombay/Desktop/IIT LECTURES/Year 2/EE 214/Week_8_Friday/Lab Codes/CLOCK.vhd Line: 15
Info (10041): Inferred latch for "mode[27]" at CLOCK.vhd(15) File: C:/Users/anupa/OneDrive - Indian Institute of Technology Bombay/Desktop/IIT LECTURES/Year 2/EE 214/Week_8_Friday/Lab Codes/CLOCK.vhd Line: 15
Info (10041): Inferred latch for "mode[28]" at CLOCK.vhd(15) File: C:/Users/anupa/OneDrive - Indian Institute of Technology Bombay/Desktop/IIT LECTURES/Year 2/EE 214/Week_8_Friday/Lab Codes/CLOCK.vhd Line: 15
Info (10041): Inferred latch for "mode[29]" at CLOCK.vhd(15) File: C:/Users/anupa/OneDrive - Indian Institute of Technology Bombay/Desktop/IIT LECTURES/Year 2/EE 214/Week_8_Friday/Lab Codes/CLOCK.vhd Line: 15
Info (10041): Inferred latch for "mode[30]" at CLOCK.vhd(15) File: C:/Users/anupa/OneDrive - Indian Institute of Technology Bombay/Desktop/IIT LECTURES/Year 2/EE 214/Week_8_Friday/Lab Codes/CLOCK.vhd Line: 15
Info (10041): Inferred latch for "mode[31]" at CLOCK.vhd(15) File: C:/Users/anupa/OneDrive - Indian Institute of Technology Bombay/Desktop/IIT LECTURES/Year 2/EE 214/Week_8_Friday/Lab Codes/CLOCK.vhd Line: 15
Info: Quartus Prime Analysis & Elaboration was successful. 0 errors, 20 warnings
    Info: Peak virtual memory: 4779 megabytes
    Info: Processing ended: Fri Oct 13 17:26:32 2023
    Info: Elapsed time: 00:00:06
    Info: Total CPU time (on all processors): 00:00:03


